Start testing: Jun 06 00:33 ?D1迆㊣那℅?那㊣??
----------------------------------------------------------
1/3 Testing: test_hash_map
1/3 Test: test_hash_map
Command: "E:/PJ1/PJ2/myjql/build/test/Release/test_hash_map.exe"
Directory: E:/PJ1/PJ2/myjql/build/test
"test_hash_map" start time: Jun 06 00:33 ?D1迆㊣那℅?那㊣??
Output:
----------------------------------------------------------
max_val = 128
max_val = 128
max_val = 128
max_val = 128
<end of output>
Test time = 421.53 sec
----------------------------------------------------------
Test Passed.
"test_hash_map" end time: Jun 06 00:40 ?D1迆㊣那℅?那㊣??
"test_hash_map" time elapsed: 00:07:01
----------------------------------------------------------

2/3 Testing: test_str
2/3 Test: test_str
Command: "E:/PJ1/PJ2/myjql/build/test/Release/test_str.exe"
Directory: E:/PJ1/PJ2/myjql/build/test
"test_str" start time: Jun 06 00:40 ?D1迆㊣那℅?那㊣??
Output:
----------------------------------------------------------
<end of output>
Test time = 194.01 sec
----------------------------------------------------------
Test Passed.
"test_str" end time: Jun 06 00:44 ?D1迆㊣那℅?那㊣??
"test_str" time elapsed: 00:03:14
----------------------------------------------------------

3/3 Testing: test_b_tree
3/3 Test: test_b_tree
Command: "E:/PJ1/PJ2/myjql/build/test/Release/test_b_tree.exe"
Directory: E:/PJ1/PJ2/myjql/build/test
"test_b_tree" start time: Jun 06 00:44 ?D1迆㊣那℅?那㊣??
Output:
----------------------------------------------------------
PAGE_SIZE = 128
DEGREE = 3
BNode size: 128
END OF TEST
<end of output>
Test time = 174.92 sec
----------------------------------------------------------
Test Passed.
"test_b_tree" end time: Jun 06 00:47 ?D1迆㊣那℅?那㊣??
"test_b_tree" time elapsed: 00:02:54
----------------------------------------------------------

End testing: Jun 06 00:47 ?D1迆㊣那℅?那㊣??
